Fri Jun 16 2023 15:33:32 } [PH] error: globalErrorHandler [
  {
    "code": "invalid_type",
    "expected": "string",
    "received": "undefined",
    "path": [
      "body",
      "role"
    ],
    "message": "role is required"
  }
]
Fri Jun 16 2023 15:33:48 } [PH] error: globalErrorHandler Cannot set properties of undefined (setting 'id')
Fri Jun 16 2023 15:36:9 } [PH] error: globalErrorHandler Cannot set properties of undefined (setting 'id')
Fri Jun 16 2023 15:38:19 } [PH] error: globalErrorHandler Cannot set properties of undefined (setting 'id')
Fri Jun 16 2023 15:39:24 } [PH] error: globalErrorHandler [
  {
    "code": "invalid_type",
    "expected": "string",
    "received": "undefined",
    "path": [
      "body",
      "role"
    ],
    "message": "role is required"
  }
]
Fri Jun 16 2023 15:41:40 } [PH] error: globalErrorHandler [
  {
    "code": "invalid_type",
    "expected": "string",
    "received": "undefined",
    "path": [
      "body",
      "role"
    ],
    "message": "role is required"
  }
]
Fri Jun 16 2023 15:43:3 } [PH] error: globalErrorHandler [
  {
    "code": "invalid_type",
    "expected": "string",
    "received": "undefined",
    "path": [
      "body",
      "role"
    ],
    "message": "role is required"
  }
]
