Mon Jun 12 2023 2:0:21 } [PH] error: globalErrorHandler [
  {
    "expected": "'01' | '02' | '03'",
    "received": "undefined",
    "code": "invalid_type",
    "path": [
      "code"
    ],
    "message": "code is required"
  },
  {
    "expected": "'January' | 'February' | 'March' | 'April' | 'May' | 'June' | 'July' | 'August' | 'September' | 'October' | 'November' | 'December'",
    "received": "undefined",
    "code": "invalid_type",
    "path": [
      "startMonth"
    ],
    "message": "Start month is required"
  },
  {
    "expected": "'January' | 'February' | 'March' | 'April' | 'May' | 'June' | 'July' | 'August' | 'September' | 'October' | 'November' | 'December'",
    "received": "undefined",
    "code": "invalid_type",
    "path": [
      "endMonth"
    ],
    "message": "End month is required"
  }
]
Mon Jun 12 2023 2:1:12 } [PH] error: globalErrorHandler [
  {
    "expected": "'01' | '02' | '03'",
    "received": "undefined",
    "code": "invalid_type",
    "path": [
      "code"
    ],
    "message": "code is required"
  },
  {
    "expected": "'January' | 'February' | 'March' | 'April' | 'May' | 'June' | 'July' | 'August' | 'September' | 'October' | 'November' | 'December'",
    "received": "undefined",
    "code": "invalid_type",
    "path": [
      "startMonth"
    ],
    "message": "Start month is required"
  },
  {
    "expected": "'January' | 'February' | 'March' | 'April' | 'May' | 'June' | 'July' | 'August' | 'September' | 'October' | 'November' | 'December'",
    "received": "undefined",
    "code": "invalid_type",
    "path": [
      "endMonth"
    ],
    "message": "End month is required"
  }
]
Mon Jun 12 2023 2:2:15 } [PH] error: globalErrorHandler [
  {
    "expected": "'01' | '02' | '03'",
    "received": "undefined",
    "code": "invalid_type",
    "path": [
      "code"
    ],
    "message": "code is required"
  },
  {
    "expected": "'January' | 'February' | 'March' | 'April' | 'May' | 'June' | 'July' | 'August' | 'September' | 'October' | 'November' | 'December'",
    "received": "undefined",
    "code": "invalid_type",
    "path": [
      "startMonth"
    ],
    "message": "Start month is required"
  },
  {
    "expected": "'January' | 'February' | 'March' | 'April' | 'May' | 'June' | 'July' | 'August' | 'September' | 'October' | 'November' | 'December'",
    "received": "undefined",
    "code": "invalid_type",
    "path": [
      "endMonth"
    ],
    "message": "End month is required"
  }
]
Mon Jun 12 2023 2:4:16 } [PH] error: globalErrorHandler [
  {
    "expected": "'01' | '02' | '03'",
    "received": "undefined",
    "code": "invalid_type",
    "path": [
      "code"
    ],
    "message": "code is required"
  },
  {
    "expected": "'January' | 'February' | 'March' | 'April' | 'May' | 'June' | 'July' | 'August' | 'September' | 'October' | 'November' | 'December'",
    "received": "undefined",
    "code": "invalid_type",
    "path": [
      "startMonth"
    ],
    "message": "Start month is required"
  },
  {
    "expected": "'January' | 'February' | 'March' | 'April' | 'May' | 'June' | 'July' | 'August' | 'September' | 'October' | 'November' | 'December'",
    "received": "undefined",
    "code": "invalid_type",
    "path": [
      "endMonth"
    ],
    "message": "End month is required"
  }
]
Mon Jun 12 2023 2:7:33 } [PH] error: globalErrorHandler [
  {
    "expected": "'01' | '02' | '03'",
    "received": "undefined",
    "code": "invalid_type",
    "path": [
      "code"
    ],
    "message": "code is required"
  },
  {
    "expected": "'January' | 'February' | 'March' | 'April' | 'May' | 'June' | 'July' | 'August' | 'September' | 'October' | 'November' | 'December'",
    "received": "undefined",
    "code": "invalid_type",
    "path": [
      "startMonth"
    ],
    "message": "Start month is required"
  },
  {
    "expected": "'January' | 'February' | 'March' | 'April' | 'May' | 'June' | 'July' | 'August' | 'September' | 'October' | 'November' | 'December'",
    "received": "undefined",
    "code": "invalid_type",
    "path": [
      "endMonth"
    ],
    "message": "End month is required"
  }
]
Mon Jun 12 2023 2:8:52 } [PH] error: globalErrorHandler [
  {
    "expected": "'01' | '02' | '03'",
    "received": "undefined",
    "code": "invalid_type",
    "path": [
      "code"
    ],
    "message": "code is required"
  },
  {
    "expected": "'January' | 'February' | 'March' | 'April' | 'May' | 'June' | 'July' | 'August' | 'September' | 'October' | 'November' | 'December'",
    "received": "undefined",
    "code": "invalid_type",
    "path": [
      "startMonth"
    ],
    "message": "Start month is required"
  },
  {
    "expected": "'January' | 'February' | 'March' | 'April' | 'May' | 'June' | 'July' | 'August' | 'September' | 'October' | 'November' | 'December'",
    "received": "undefined",
    "code": "invalid_type",
    "path": [
      "endMonth"
    ],
    "message": "End month is required"
  }
]
Mon Jun 12 2023 2:47:18 } [PH] error: globalErrorHandler This course is already exist
Mon Jun 12 2023 2:47:23 } [PH] error: globalErrorHandler This course is already exist
Mon Jun 12 2023 2:47:33 } [PH] error: globalErrorHandler This course is already exist
Mon Jun 12 2023 2:54:46 } [PH] error: globalErrorHandler This course is already exist
Mon Jun 12 2023 2:55:12 } [PH] error: globalErrorHandler This course is already exist
