Mon Jun 12 2023 0:56:16 } [PH] error: globalErrorHandler [
  {
    "expected": "'01' | '02' | '03'",
    "received": "undefined",
    "code": "invalid_type",
    "path": [
      "code"
    ],
    "message": "code is required"
  },
  {
    "expected": "'Autumn' | 'Summer' | 'Fall'",
    "received": "undefined",
    "code": "invalid_type",
    "path": [
      "StartMonth"
    ],
    "message": "Start month is required"
  },
  {
    "expected": "'Autumn' | 'Summer' | 'Fall'",
    "received": "undefined",
    "code": "invalid_type",
    "path": [
      "endMonth"
    ],
    "message": "End month is required"
  }
]
Mon Jun 12 2023 0:59:19 } [PH] error: globalErrorHandler [
  {
    "expected": "'01' | '02' | '03'",
    "received": "undefined",
    "code": "invalid_type",
    "path": [
      "code"
    ],
    "message": "code is required"
  },
  {
    "expected": "'January' | 'February' | 'March' | 'April' | 'May' | 'June' | 'July' | 'August' | 'September' | 'October' | 'November' | 'December'",
    "received": "undefined",
    "code": "invalid_type",
    "path": [
      "StartMonth"
    ],
    "message": "Start month is required"
  },
  {
    "expected": "'January' | 'February' | 'March' | 'April' | 'May' | 'June' | 'July' | 'August' | 'September' | 'October' | 'November' | 'December'",
    "received": "undefined",
    "code": "invalid_type",
    "path": [
      "endMonth"
    ],
    "message": "End month is required"
  }
]
